# JRE version: Java(TM) SE Runtime Environment (8.0_25-b17) (build 1.8.0_25-b17)
# Java VM: Java HotSpot(TM) 64-Bit Server VM (25.25-b02 mixed mode bsd-amd64 compressed oops)
Heap:
 PSYoungGen      total 38400K, used 12892K [0x0000000170b80000, 0x0000000173600000, 0x000000019b600000)
  eden space 33280K, 23% used [0x0000000170b80000,0x00000001713199a0,0x0000000172c00000)
  from space 5120K, 99% used [0x0000000173100000,0x00000001735fd920,0x0000000173600000)
  to   space 5120K, 0% used [0x0000000172c00000,0x0000000172c00000,0x0000000173100000)
 ParOldGen       total 87552K, used 7972K [0x000000011b600000, 0x0000000120b80000, 0x0000000170b80000)
  object space 87552K, 9% used [0x000000011b600000,0x000000011bdc90b8,0x0000000120b80000)
 Metaspace       used 18383K, capacity 18996K, committed 19200K, reserved 1067008K
  class space    used 2395K, capacity 2547K, committed 2560K, reserved 1048576K
GC Heap History (4 events):
Event: 6.344 GC heap before
{Heap before GC invocations=1 (full 0):
 PSYoungGen      total 38400K, used 33280K [0x0000000170b80000, 0x0000000173600000, 0x000000019b600000)
  eden space 33280K, 100% used [0x0000000170b80000,0x0000000172c00000,0x0000000172c00000)
  from space 5120K, 0% used [0x0000000173100000,0x0000000173100000,0x0000000173600000)
  to   space 5120K, 0% used [0x0000000172c00000,0x0000000172c00000,0x0000000173100000)
 ParOldGen       total 87552K, used 0K [0x000000011b600000, 0x0000000120b80000, 0x0000000170b80000)
  object space 87552K, 0% used [0x000000011b600000,0x000000011b600000,0x0000000120b80000)
 Metaspace       used 14007K, capacity 14506K, committed 14592K, reserved 1062912K
  class space    used 1917K, capacity 2036K, committed 2048K, reserved 1048576K
Event: 6.356 GC heap after
Heap after GC invocations=1 (full 0):
 PSYoungGen      total 38400K, used 5111K [0x0000000170b80000, 0x0000000173600000, 0x000000019b600000)
  eden space 33280K, 0% used [0x0000000170b80000,0x0000000170b80000,0x0000000172c00000)
  from space 5120K, 99% used [0x0000000172c00000,0x00000001730fdeb0,0x0000000173100000)
  to   space 5120K, 0% used [0x0000000173100000,0x0000000173100000,0x0000000173600000)
 ParOldGen       total 87552K, used 1656K [0x000000011b600000, 0x0000000120b80000, 0x0000000170b80000)
  object space 87552K, 1% used [0x000000011b600000,0x000000011b79e0e0,0x0000000120b80000)
 Metaspace       used 14007K, capacity 14506K, committed 14592K, reserved 1062912K
  class space    used 1917K, capacity 2036K, committed 2048K, reserved 1048576K
}
Event: 8.321 GC heap before
{Heap before GC invocations=2 (full 0):
 PSYoungGen      total 38400K, used 38391K [0x0000000170b80000, 0x0000000173600000, 0x000000019b600000)
  eden space 33280K, 100% used [0x0000000170b80000,0x0000000172c00000,0x0000000172c00000)
  from space 5120K, 99% used [0x0000000172c00000,0x00000001730fdeb0,0x0000000173100000)
  to   space 5120K, 0% used [0x0000000173100000,0x0000000173100000,0x0000000173600000)
 ParOldGen       total 87552K, used 1656K [0x000000011b600000, 0x0000000120b80000, 0x0000000170b80000)
  object space 87552K, 1% used [0x000000011b600000,0x000000011b79e0e0,0x0000000120b80000)
 Metaspace       used 17790K, capacity 18352K, committed 18432K, reserved 1064960K
  class space    used 2327K, capacity 2487K, committed 2560K, reserved 1048576K
Event: 8.338 GC heap after
Heap after GC invocations=2 (full 0):
 PSYoungGen      total 38400K, used 5110K [0x0000000170b80000, 0x0000000173600000, 0x000000019b600000)
  eden space 33280K, 0% used [0x0000000170b80000,0x0000000170b80000,0x0000000172c00000)
  from space 5120K, 99% used [0x0000000173100000,0x00000001735fd920,0x0000000173600000)
  to   space 5120K, 0% used [0x0000000172c00000,0x0000000172c00000,0x0000000173100000)
 ParOldGen       total 87552K, used 7972K [0x000000011b600000, 0x0000000120b80000, 0x0000000170b80000)
  object space 87552K, 9% used [0x000000011b600000,0x000000011bdc90b8,0x0000000120b80000)
 Metaspace       used 17790K, capacity 18352K, committed 18432K, reserved 1064960K
  class space    used 2327K, capacity 2487K, committed 2560K, reserved 1048576K
}

