# JRE version: Java(TM) SE Runtime Environment (8.0_25-b17) (build 1.8.0_25-b17)
# Java VM: Java HotSpot(TM) 64-Bit Server VM (25.25-b02 mixed mode bsd-amd64 compressed oops)
Heap:
 PSYoungGen      total 38400K, used 12855K [0x0000000174380000, 0x0000000176e00000, 0x000000019ee00000)
  eden space 33280K, 23% used [0x0000000174380000,0x0000000174b13358,0x0000000176400000)
  from space 5120K, 99% used [0x0000000176900000,0x0000000176dfa9a0,0x0000000176e00000)
  to   space 5120K, 0% used [0x0000000176400000,0x0000000176400000,0x0000000176900000)
 ParOldGen       total 87552K, used 6896K [0x000000011ee00000, 0x0000000124380000, 0x0000000174380000)
  object space 87552K, 7% used [0x000000011ee00000,0x000000011f4bc040,0x0000000124380000)
 Metaspace       used 18415K, capacity 19000K, committed 19200K, reserved 1067008K
  class space    used 2393K, capacity 2547K, committed 2560K, reserved 1048576K
GC Heap History (4 events):
Event: 6.315 GC heap before
{Heap before GC invocations=1 (full 0):
 PSYoungGen      total 38400K, used 33280K [0x0000000174380000, 0x0000000176e00000, 0x000000019ee00000)
  eden space 33280K, 100% used [0x0000000174380000,0x0000000176400000,0x0000000176400000)
  from space 5120K, 0% used [0x0000000176900000,0x0000000176900000,0x0000000176e00000)
  to   space 5120K, 0% used [0x0000000176400000,0x0000000176400000,0x0000000176900000)
 ParOldGen       total 87552K, used 0K [0x000000011ee00000, 0x0000000124380000, 0x0000000174380000)
  object space 87552K, 0% used [0x000000011ee00000,0x000000011ee00000,0x0000000124380000)
 Metaspace       used 13896K, capacity 14458K, committed 14592K, reserved 1062912K
  class space    used 1904K, capacity 2048K, committed 2048K, reserved 1048576K
Event: 6.323 GC heap after
Heap after GC invocations=1 (full 0):
 PSYoungGen      total 38400K, used 5095K [0x0000000174380000, 0x0000000176e00000, 0x000000019ee00000)
  eden space 33280K, 0% used [0x0000000174380000,0x0000000174380000,0x0000000176400000)
  from space 5120K, 99% used [0x0000000176400000,0x00000001768f9ec0,0x0000000176900000)
  to   space 5120K, 0% used [0x0000000176900000,0x0000000176900000,0x0000000176e00000)
 ParOldGen       total 87552K, used 1623K [0x000000011ee00000, 0x0000000124380000, 0x0000000174380000)
  object space 87552K, 1% used [0x000000011ee00000,0x000000011ef95c70,0x0000000124380000)
 Metaspace       used 13896K, capacity 14458K, committed 14592K, reserved 1062912K
  class space    used 1904K, capacity 2048K, committed 2048K, reserved 1048576K
}
Event: 8.928 GC heap before
{Heap before GC invocations=2 (full 0):
 PSYoungGen      total 38400K, used 38375K [0x0000000174380000, 0x0000000176e00000, 0x000000019ee00000)
  eden space 33280K, 100% used [0x0000000174380000,0x0000000176400000,0x0000000176400000)
  from space 5120K, 99% used [0x0000000176400000,0x00000001768f9ec0,0x0000000176900000)
  to   space 5120K, 0% used [0x0000000176900000,0x0000000176900000,0x0000000176e00000)
 ParOldGen       total 87552K, used 1623K [0x000000011ee00000, 0x0000000124380000, 0x0000000174380000)
  object space 87552K, 1% used [0x000000011ee00000,0x000000011ef95c70,0x0000000124380000)
 Metaspace       used 17857K, capacity 18388K, committed 18688K, reserved 1064960K
  class space    used 2338K, capacity 2501K, committed 2560K, reserved 1048576K
Event: 8.938 GC heap after
Heap after GC invocations=2 (full 0):
 PSYoungGen      total 38400K, used 5098K [0x0000000174380000, 0x0000000176e00000, 0x000000019ee00000)
  eden space 33280K, 0% used [0x0000000174380000,0x0000000174380000,0x0000000176400000)
  from space 5120K, 99% used [0x0000000176900000,0x0000000176dfa9a0,0x0000000176e00000)
  to   space 5120K, 0% used [0x0000000176400000,0x0000000176400000,0x0000000176900000)
 ParOldGen       total 87552K, used 6896K [0x000000011ee00000, 0x0000000124380000, 0x0000000174380000)
  object space 87552K, 7% used [0x000000011ee00000,0x000000011f4bc040,0x0000000124380000)
 Metaspace       used 17857K, capacity 18388K, committed 18688K, reserved 1064960K
  class space    used 2338K, capacity 2501K, committed 2560K, reserved 1048576K
}

