# JRE version: Java(TM) SE Runtime Environment (8.0_25-b17) (build 1.8.0_25-b17)
# Java VM: Java HotSpot(TM) 64-Bit Server VM (25.25-b02 mixed mode bsd-amd64 compressed oops)
Heap:
 PSYoungGen      total 73216K, used 40381K [0x0000000795580000, 0x000000079b080000, 0x00000007c0000000)
  eden space 58368K, 56% used [0x0000000795580000,0x0000000797589bf0,0x0000000798e80000)
  from space 14848K, 51% used [0x000000079a200000,0x000000079a9659d0,0x000000079b080000)
  to   space 17408K, 0% used [0x0000000798e80000,0x0000000798e80000,0x0000000799f80000)
 ParOldGen       total 68608K, used 16495K [0x0000000740000000, 0x0000000744300000, 0x0000000795580000)
  object space 68608K, 24% used [0x0000000740000000,0x000000074101bc28,0x0000000744300000)
 Metaspace       used 22587K, capacity 23802K, committed 24064K, reserved 1071104K
  class space    used 2994K, capacity 3256K, committed 3328K, reserved 1048576K
GC Heap History (10 events):
Event: 13.388 GC heap before
{Heap before GC invocations=3 (full 0):
 PSYoungGen      total 38400K, used 38370K [0x0000000795580000, 0x0000000798000000, 0x00000007c0000000)
  eden space 33280K, 99% used [0x0000000795580000,0x00000007975ff4b8,0x0000000797600000)
  from space 5120K, 99% used [0x0000000797b00000,0x0000000797ff96f0,0x0000000798000000)
  to   space 5120K, 0% used [0x0000000797600000,0x0000000797600000,0x0000000797b00000)
 ParOldGen       total 87552K, used 7882K [0x0000000740000000, 0x0000000745580000, 0x0000000795580000)
  object space 87552K, 9% used [0x0000000740000000,0x00000007407b2a60,0x0000000745580000)
 Metaspace       used 19799K, capacity 20570K, committed 20736K, reserved 1067008K
  class space    used 2572K, capacity 2752K, committed 2816K, reserved 1048576K
Event: 13.399 GC heap after
Heap after GC invocations=3 (full 0):
 PSYoungGen      total 38400K, used 5104K [0x0000000795580000, 0x0000000798000000, 0x00000007c0000000)
  eden space 33280K, 0% used [0x0000000795580000,0x0000000795580000,0x0000000797600000)
  from space 5120K, 99% used [0x0000000797600000,0x0000000797afc100,0x0000000797b00000)
  to   space 5120K, 0% used [0x0000000797b00000,0x0000000797b00000,0x0000000798000000)
 ParOldGen       total 87552K, used 18509K [0x0000000740000000, 0x0000000745580000, 0x0000000795580000)
  object space 87552K, 21% used [0x0000000740000000,0x00000007412137a8,0x0000000745580000)
 Metaspace       used 19799K, capacity 20570K, committed 20736K, reserved 1067008K
  class space    used 2572K, capacity 2752K, committed 2816K, reserved 1048576K
}
Event: 13.517 GC heap before
{Heap before GC invocations=4 (full 0):
 PSYoungGen      total 38400K, used 9485K [0x0000000795580000, 0x0000000798000000, 0x00000007c0000000)
  eden space 33280K, 13% used [0x0000000795580000,0x00000007959c7460,0x0000000797600000)
  from space 5120K, 99% used [0x0000000797600000,0x0000000797afc100,0x0000000797b00000)
  to   space 5120K, 0% used [0x0000000797b00000,0x0000000797b00000,0x0000000798000000)
 ParOldGen       total 87552K, used 18509K [0x0000000740000000, 0x0000000745580000, 0x0000000795580000)
  object space 87552K, 21% used [0x0000000740000000,0x00000007412137a8,0x0000000745580000)
 Metaspace       used 20316K, capacity 21210K, committed 21296K, reserved 1067008K
  class space    used 2680K, capacity 2888K, committed 2944K, reserved 1048576K
Event: 13.526 GC heap after
Heap after GC invocations=4 (full 0):
 PSYoungGen      total 38400K, used 5103K [0x0000000795580000, 0x000000079a080000, 0x00000007c0000000)
  eden space 33280K, 0% used [0x0000000795580000,0x0000000795580000,0x0000000797600000)
  from space 5120K, 99% used [0x0000000797b00000,0x0000000797ffbc28,0x0000000798000000)
  to   space 5120K, 0% used [0x0000000797600000,0x0000000797600000,0x0000000797b00000)
 ParOldGen       total 87552K, used 19215K [0x0000000740000000, 0x0000000745580000, 0x0000000795580000)
  object space 87552K, 21% used [0x0000000740000000,0x00000007412c3c70,0x0000000745580000)
 Metaspace       used 20316K, capacity 21210K, committed 21296K, reserved 1067008K
  class space    used 2680K, capacity 2888K, committed 2944K, reserved 1048576K
}
Event: 13.526 GC heap before
{Heap before GC invocations=5 (full 1):
 PSYoungGen      total 38400K, used 5103K [0x0000000795580000, 0x000000079a080000, 0x00000007c0000000)
  eden space 33280K, 0% used [0x0000000795580000,0x0000000795580000,0x0000000797600000)
  from space 5120K, 99% used [0x0000000797b00000,0x0000000797ffbc28,0x0000000798000000)
  to   space 5120K, 0% used [0x0000000797600000,0x0000000797600000,0x0000000797b00000)
 ParOldGen       total 87552K, used 19215K [0x0000000740000000, 0x0000000745580000, 0x0000000795580000)
  object space 87552K, 21% used [0x0000000740000000,0x00000007412c3c70,0x0000000745580000)
 Metaspace       used 20316K, capacity 21210K, committed 21296K, reserved 1067008K
  class space    used 2680K, capacity 2888K, committed 2944K, reserved 1048576K
Event: 13.575 GC heap after
Heap after GC invocations=5 (full 1):
 PSYoungGen      total 38400K, used 0K [0x0000000795580000, 0x000000079a080000, 0x00000007c0000000)
  eden space 33280K, 0% used [0x0000000795580000,0x0000000795580000,0x0000000797600000)
  from space 5120K, 0% used [0x0000000797b00000,0x0000000797b00000,0x0000000798000000)
  to   space 5120K, 0% used [0x0000000797600000,0x0000000797600000,0x0000000797b00000)
 ParOldGen       total 68608K, used 16479K [0x0000000740000000, 0x0000000744300000, 0x0000000795580000)
  object space 68608K, 24% used [0x0000000740000000,0x0000000741017c28,0x0000000744300000)
 Metaspace       used 20315K, capacity 21208K, committed 21296K, reserved 1067008K
  class space    used 2679K, capacity 2887K, committed 2944K, reserved 1048576K
}
Event: 33.866 GC heap before
{Heap before GC invocations=6 (full 1):
 PSYoungGen      total 38400K, used 33280K [0x0000000795580000, 0x000000079a080000, 0x00000007c0000000)
  eden space 33280K, 100% used [0x0000000795580000,0x0000000797600000,0x0000000797600000)
  from space 5120K, 0% used [0x0000000797b00000,0x0000000797b00000,0x0000000798000000)
  to   space 5120K, 0% used [0x0000000797600000,0x0000000797600000,0x0000000797b00000)
 ParOldGen       total 68608K, used 16479K [0x0000000740000000, 0x0000000744300000, 0x0000000795580000)
  object space 68608K, 24% used [0x0000000740000000,0x0000000741017c28,0x0000000744300000)
 Metaspace       used 22024K, capacity 23212K, committed 23552K, reserved 1069056K
  class space    used 2966K, capacity 3203K, committed 3328K, reserved 1048576K
Event: 33.869 GC heap after
Heap after GC invocations=6 (full 1):
 PSYoungGen      total 38400K, used 2695K [0x0000000795580000, 0x000000079b400000, 0x00000007c0000000)
  eden space 33280K, 0% used [0x0000000795580000,0x0000000795580000,0x0000000797600000)
  from space 5120K, 52% used [0x0000000797600000,0x00000007978a1ee0,0x0000000797b00000)
  to   space 18432K, 0% used [0x000000079a200000,0x000000079a200000,0x000000079b400000)
 ParOldGen       total 68608K, used 16487K [0x0000000740000000, 0x0000000744300000, 0x0000000795580000)
  object space 68608K, 24% used [0x0000000740000000,0x0000000741019c28,0x0000000744300000)
 Metaspace       used 22024K, capacity 23212K, committed 23552K, reserved 1069056K
  class space    used 2966K, capacity 3203K, committed 3328K, reserved 1048576K
}
Event: 49.332 GC heap before
{Heap before GC invocations=7 (full 1):
 PSYoungGen      total 38400K, used 35624K [0x0000000795580000, 0x000000079b400000, 0x00000007c0000000)
  eden space 33280K, 98% used [0x0000000795580000,0x00000007975a8218,0x0000000797600000)
  from space 5120K, 52% used [0x0000000797600000,0x00000007978a1ee0,0x0000000797b00000)
  to   space 18432K, 0% used [0x000000079a200000,0x000000079a200000,0x000000079b400000)
 ParOldGen       total 68608K, used 16487K [0x0000000740000000, 0x0000000744300000, 0x0000000795580000)
  object space 68608K, 24% used [0x0000000740000000,0x0000000741019c28,0x0000000744300000)
 Metaspace       used 22397K, capacity 23682K, committed 23808K, reserved 1069056K
  class space    used 2988K, capacity 3246K, committed 3328K, reserved 1048576K
Event: 49.338 GC heap after
Heap after GC invocations=7 (full 1):
 PSYoungGen      total 73216K, used 7574K [0x0000000795580000, 0x000000079b080000, 0x00000007c0000000)
  eden space 58368K, 0% used [0x0000000795580000,0x0000000795580000,0x0000000798e80000)
  from space 14848K, 51% used [0x000000079a200000,0x000000079a9659d0,0x000000079b080000)
  to   space 17408K, 0% used [0x0000000798e80000,0x0000000798e80000,0x0000000799f80000)
 ParOldGen       total 68608K, used 16495K [0x0000000740000000, 0x0000000744300000, 0x0000000795580000)
  object space 68608K, 24% used [0x0000000740000000,0x000000074101bc28,0x0000000744300000)
 Metaspace       used 22397K, capacity 23682K, committed 23808K, reserved 1069056K
  class space    used 2988K, capacity 3246K, committed 3328K, reserved 1048576K
}

