# JRE version: Java(TM) SE Runtime Environment (8.0_25-b17) (build 1.8.0_25-b17)
# Java VM: Java HotSpot(TM) 64-Bit Server VM (25.25-b02 mixed mode bsd-amd64 compressed oops)
Heap:
 PSYoungGen      total 74752K, used 30338K [0x0000000795580000, 0x000000079df00000, 0x00000007c0000000)
  eden space 64000K, 30% used [0x0000000795580000,0x00000007968a2ef0,0x0000000799400000)
  from space 10752K, 99% used [0x0000000799400000,0x0000000799e7dc88,0x0000000799e80000)
  to   space 12800K, 0% used [0x000000079d280000,0x000000079d280000,0x000000079df00000)
 ParOldGen       total 51712K, used 13268K [0x0000000740000000, 0x0000000743280000, 0x0000000795580000)
  object space 51712K, 25% used [0x0000000740000000,0x0000000740cf51a0,0x0000000743280000)
 Metaspace       used 23508K, capacity 24834K, committed 24960K, reserved 1071104K
  class space    used 3099K, capacity 3348K, committed 3456K, reserved 1048576K
GC Heap History (10 events):
Event: 19.108 GC heap before
{Heap before GC invocations=4 (full 0):
 PSYoungGen      total 38400K, used 38037K [0x0000000795580000, 0x0000000798000000, 0x00000007c0000000)
  eden space 33280K, 100% used [0x0000000795580000,0x0000000797600000,0x0000000797600000)
  from space 5120K, 92% used [0x0000000797600000,0x0000000797aa56c0,0x0000000797b00000)
  to   space 5120K, 0% used [0x0000000797b00000,0x0000000797b00000,0x0000000798000000)
 ParOldGen       total 87552K, used 7444K [0x0000000740000000, 0x0000000745580000, 0x0000000795580000)
  object space 87552K, 8% used [0x0000000740000000,0x0000000740745180,0x0000000745580000)
 Metaspace       used 19893K, capacity 21124K, committed 21248K, reserved 1067008K
  class space    used 2776K, capacity 3011K, committed 3072K, reserved 1048576K
Event: 19.122 GC heap after
Heap after GC invocations=4 (full 0):
 PSYoungGen      total 38400K, used 5116K [0x0000000795580000, 0x0000000798000000, 0x00000007c0000000)
  eden space 33280K, 0% used [0x0000000795580000,0x0000000795580000,0x0000000797600000)
  from space 5120K, 99% used [0x0000000797b00000,0x0000000797fff308,0x0000000798000000)
  to   space 5120K, 0% used [0x0000000797600000,0x0000000797600000,0x0000000797b00000)
 ParOldGen       total 87552K, used 9900K [0x0000000740000000, 0x0000000745580000, 0x0000000795580000)
  object space 87552K, 11% used [0x0000000740000000,0x00000007409ab378,0x0000000745580000)
 Metaspace       used 19893K, capacity 21124K, committed 21248K, reserved 1067008K
  class space    used 2776K, capacity 3011K, committed 3072K, reserved 1048576K
}
Event: 19.199 GC heap before
{Heap before GC invocations=5 (full 0):
 PSYoungGen      total 38400K, used 11451K [0x0000000795580000, 0x0000000798000000, 0x00000007c0000000)
  eden space 33280K, 19% used [0x0000000795580000,0x0000000795baf990,0x0000000797600000)
  from space 5120K, 99% used [0x0000000797b00000,0x0000000797fff308,0x0000000798000000)
  to   space 5120K, 0% used [0x0000000797600000,0x0000000797600000,0x0000000797b00000)
 ParOldGen       total 87552K, used 9900K [0x0000000740000000, 0x0000000745580000, 0x0000000795580000)
  object space 87552K, 11% used [0x0000000740000000,0x00000007409ab378,0x0000000745580000)
 Metaspace       used 19969K, capacity 21162K, committed 21248K, reserved 1067008K
  class space    used 2787K, capacity 3020K, committed 3072K, reserved 1048576K
Event: 19.211 GC heap after
Heap after GC invocations=5 (full 0):
 PSYoungGen      total 38400K, used 5092K [0x0000000795580000, 0x000000079a980000, 0x00000007c0000000)
  eden space 33280K, 0% used [0x0000000795580000,0x0000000795580000,0x0000000797600000)
  from space 5120K, 99% used [0x0000000797600000,0x0000000797af9068,0x0000000797b00000)
  to   space 9728K, 0% used [0x000000079a000000,0x000000079a000000,0x000000079a980000)
 ParOldGen       total 87552K, used 9964K [0x0000000740000000, 0x0000000745580000, 0x0000000795580000)
  object space 87552K, 11% used [0x0000000740000000,0x00000007409bb378,0x0000000745580000)
 Metaspace       used 19969K, capacity 21162K, committed 21248K, reserved 1067008K
  class space    used 2787K, capacity 3020K, committed 3072K, reserved 1048576K
}
Event: 19.211 GC heap before
{Heap before GC invocations=6 (full 1):
 PSYoungGen      total 38400K, used 5092K [0x0000000795580000, 0x000000079a980000, 0x00000007c0000000)
  eden space 33280K, 0% used [0x0000000795580000,0x0000000795580000,0x0000000797600000)
  from space 5120K, 99% used [0x0000000797600000,0x0000000797af9068,0x0000000797b00000)
  to   space 9728K, 0% used [0x000000079a000000,0x000000079a000000,0x000000079a980000)
 ParOldGen       total 87552K, used 9964K [0x0000000740000000, 0x0000000745580000, 0x0000000795580000)
  object space 87552K, 11% used [0x0000000740000000,0x00000007409bb378,0x0000000745580000)
 Metaspace       used 19969K, capacity 21162K, committed 21248K, reserved 1067008K
  class space    used 2787K, capacity 3020K, committed 3072K, reserved 1048576K
Event: 19.274 GC heap after
Heap after GC invocations=6 (full 1):
 PSYoungGen      total 38400K, used 0K [0x0000000795580000, 0x000000079a980000, 0x00000007c0000000)
  eden space 33280K, 0% used [0x0000000795580000,0x0000000795580000,0x0000000797600000)
  from space 5120K, 0% used [0x0000000797600000,0x0000000797600000,0x0000000797b00000)
  to   space 9728K, 0% used [0x000000079a000000,0x000000079a000000,0x000000079a980000)
 ParOldGen       total 51712K, used 10599K [0x0000000740000000, 0x0000000743280000, 0x0000000795580000)
  object space 51712K, 20% used [0x0000000740000000,0x0000000740a59fc8,0x0000000743280000)
 Metaspace       used 19968K, capacity 21160K, committed 21248K, reserved 1067008K
  class space    used 2786K, capacity 3019K, committed 3072K, reserved 1048576K
}
Event: 35.148 GC heap before
{Heap before GC invocations=7 (full 1):
 PSYoungGen      total 38400K, used 33280K [0x0000000795580000, 0x000000079a980000, 0x00000007c0000000)
  eden space 33280K, 100% used [0x0000000795580000,0x0000000797600000,0x0000000797600000)
  from space 5120K, 0% used [0x0000000797600000,0x0000000797600000,0x0000000797b00000)
  to   space 9728K, 0% used [0x000000079a000000,0x000000079a000000,0x000000079a980000)
 ParOldGen       total 51712K, used 10599K [0x0000000740000000, 0x0000000743280000, 0x0000000795580000)
  object space 51712K, 20% used [0x0000000740000000,0x0000000740a59fc8,0x0000000743280000)
 Metaspace       used 20394K, capacity 21724K, committed 21888K, reserved 1069056K
  class space    used 2813K, capacity 3075K, committed 3200K, reserved 1048576K
Event: 35.157 GC heap after
Heap after GC invocations=7 (full 1):
 PSYoungGen      total 71680K, used 8861K [0x0000000795580000, 0x000000079a900000, 0x00000007c0000000)
  eden space 62464K, 0% used [0x0000000795580000,0x0000000795580000,0x0000000799280000)
  from space 9216K, 96% used [0x000000079a000000,0x000000079a8a7638,0x000000079a900000)
  to   space 10752K, 0% used [0x0000000799400000,0x0000000799400000,0x0000000799e80000)
 ParOldGen       total 51712K, used 12014K [0x0000000740000000, 0x0000000743280000, 0x0000000795580000)
  object space 51712K, 23% used [0x0000000740000000,0x0000000740bbb8d8,0x0000000743280000)
 Metaspace       used 20394K, capacity 21724K, committed 21888K, reserved 1069056K
  class space    used 2813K, capacity 3075K, committed 3200K, reserved 1048576K
}
Event: 68.997 GC heap before
{Heap before GC invocations=8 (full 1):
 PSYoungGen      total 71680K, used 71325K [0x0000000795580000, 0x000000079a900000, 0x00000007c0000000)
  eden space 62464K, 100% used [0x0000000795580000,0x0000000799280000,0x0000000799280000)
  from space 9216K, 96% used [0x000000079a000000,0x000000079a8a7638,0x000000079a900000)
  to   space 10752K, 0% used [0x0000000799400000,0x0000000799400000,0x0000000799e80000)
 ParOldGen       total 51712K, used 12014K [0x0000000740000000, 0x0000000743280000, 0x0000000795580000)
  object space 51712K, 23% used [0x0000000740000000,0x0000000740bbb8d8,0x0000000743280000)
 Metaspace       used 23391K, capacity 24720K, committed 24960K, reserved 1071104K
  class space    used 3094K, capacity 3339K, committed 3456K, reserved 1048576K
Event: 69.007 GC heap after
Heap after GC invocations=8 (full 1):
 PSYoungGen      total 74752K, used 10743K [0x0000000795580000, 0x000000079df00000, 0x00000007c0000000)
  eden space 64000K, 0% used [0x0000000795580000,0x0000000795580000,0x0000000799400000)
  from space 10752K, 99% used [0x0000000799400000,0x0000000799e7dc88,0x0000000799e80000)
  to   space 12800K, 0% used [0x000000079d280000,0x000000079d280000,0x000000079df00000)
 ParOldGen       total 51712K, used 13268K [0x0000000740000000, 0x0000000743280000, 0x0000000795580000)
  object space 51712K, 25% used [0x0000000740000000,0x0000000740cf51a0,0x0000000743280000)
 Metaspace       used 23391K, capacity 24720K, committed 24960K, reserved 1071104K
  class space    used 3094K, capacity 3339K, committed 3456K, reserved 1048576K
}

