# JRE version: Java(TM) SE Runtime Environment (8.0_25-b17) (build 1.8.0_25-b17)
# Java VM: Java HotSpot(TM) 64-Bit Server VM (25.25-b02 mixed mode bsd-amd64 compressed oops)
Heap:
 PSYoungGen      total 40960K, used 36236K [0x0000000795580000, 0x0000000799100000, 0x00000007c0000000)
  eden space 29696K, 84% used [0x0000000795580000,0x0000000796de85a0,0x0000000797280000)
  from space 11264K, 99% used [0x0000000798080000,0x0000000798b7adc8,0x0000000798b80000)
  to   space 14336K, 0% used [0x0000000797280000,0x0000000797280000,0x0000000798080000)
 ParOldGen       total 49664K, used 11201K [0x0000000740000000, 0x0000000743080000, 0x0000000795580000)
  object space 49664K, 22% used [0x0000000740000000,0x0000000740af05c8,0x0000000743080000)
 Metaspace       used 23399K, capacity 24690K, committed 24960K, reserved 1071104K
  class space    used 3108K, capacity 3346K, committed 3456K, reserved 1048576K
GC Heap History (10 events):
Event: 13.202 GC heap before
{Heap before GC invocations=3 (full 1):
 PSYoungGen      total 38400K, used 5101K [0x0000000795580000, 0x0000000798000000, 0x00000007c0000000)
  eden space 33280K, 0% used [0x0000000795580000,0x0000000795580000,0x0000000797600000)
  from space 5120K, 99% used [0x0000000797b00000,0x0000000797ffb7e0,0x0000000798000000)
  to   space 5120K, 0% used [0x0000000797600000,0x0000000797600000,0x0000000797b00000)
 ParOldGen       total 87552K, used 7113K [0x0000000740000000, 0x0000000745580000, 0x0000000795580000)
  object space 87552K, 8% used [0x0000000740000000,0x00000007406f2510,0x0000000745580000)
 Metaspace       used 20191K, capacity 21138K, committed 21296K, reserved 1067008K
  class space    used 2888K, capacity 3078K, committed 3200K, reserved 1048576K
Event: 13.246 GC heap after
Heap after GC invocations=3 (full 1):
 PSYoungGen      total 38400K, used 0K [0x0000000795580000, 0x0000000798000000, 0x00000007c0000000)
  eden space 33280K, 0% used [0x0000000795580000,0x0000000795580000,0x0000000797600000)
  from space 5120K, 0% used [0x0000000797b00000,0x0000000797b00000,0x0000000798000000)
  to   space 5120K, 0% used [0x0000000797600000,0x0000000797600000,0x0000000797b00000)
 ParOldGen       total 49664K, used 9594K [0x0000000740000000, 0x0000000743080000, 0x0000000795580000)
  object space 49664K, 19% used [0x0000000740000000,0x000000074095ea70,0x0000000743080000)
 Metaspace       used 20190K, capacity 21136K, committed 21296K, reserved 1067008K
  class space    used 2887K, capacity 3077K, committed 3200K, reserved 1048576K
}
Event: 17.746 GC heap before
{Heap before GC invocations=4 (full 1):
 PSYoungGen      total 38400K, used 33280K [0x0000000795580000, 0x0000000798000000, 0x00000007c0000000)
  eden space 33280K, 100% used [0x0000000795580000,0x0000000797600000,0x0000000797600000)
  from space 5120K, 0% used [0x0000000797b00000,0x0000000797b00000,0x0000000798000000)
  to   space 5120K, 0% used [0x0000000797600000,0x0000000797600000,0x0000000797b00000)
 ParOldGen       total 49664K, used 9594K [0x0000000740000000, 0x0000000743080000, 0x0000000795580000)
  object space 49664K, 19% used [0x0000000740000000,0x000000074095ea70,0x0000000743080000)
 Metaspace       used 21532K, capacity 22560K, committed 22656K, reserved 1069056K
  class space    used 2940K, capacity 3127K, committed 3200K, reserved 1048576K
Event: 17.749 GC heap after
Heap after GC invocations=4 (full 1):
 PSYoungGen      total 38400K, used 1329K [0x0000000795580000, 0x0000000798000000, 0x00000007c0000000)
  eden space 33280K, 0% used [0x0000000795580000,0x0000000795580000,0x0000000797600000)
  from space 5120K, 25% used [0x0000000797600000,0x000000079774c640,0x0000000797b00000)
  to   space 5120K, 0% used [0x0000000797b00000,0x0000000797b00000,0x0000000798000000)
 ParOldGen       total 49664K, used 9602K [0x0000000740000000, 0x0000000743080000, 0x0000000795580000)
  object space 49664K, 19% used [0x0000000740000000,0x0000000740960a70,0x0000000743080000)
 Metaspace       used 21532K, capacity 22560K, committed 22656K, reserved 1069056K
  class space    used 2940K, capacity 3127K, committed 3200K, reserved 1048576K
}
Event: 26.978 GC heap before
{Heap before GC invocations=5 (full 1):
 PSYoungGen      total 38400K, used 34609K [0x0000000795580000, 0x0000000798000000, 0x00000007c0000000)
  eden space 33280K, 100% used [0x0000000795580000,0x0000000797600000,0x0000000797600000)
  from space 5120K, 25% used [0x0000000797600000,0x000000079774c640,0x0000000797b00000)
  to   space 5120K, 0% used [0x0000000797b00000,0x0000000797b00000,0x0000000798000000)
 ParOldGen       total 49664K, used 9602K [0x0000000740000000, 0x0000000743080000, 0x0000000795580000)
  object space 49664K, 19% used [0x0000000740000000,0x0000000740960a70,0x0000000743080000)
 Metaspace       used 22410K, capacity 23534K, committed 23808K, reserved 1069056K
  class space    used 3034K, capacity 3250K, committed 3328K, reserved 1048576K
Event: 26.982 GC heap after
Heap after GC invocations=5 (full 1):
 PSYoungGen      total 38400K, used 2686K [0x0000000795580000, 0x0000000798000000, 0x00000007c0000000)
  eden space 33280K, 0% used [0x0000000795580000,0x0000000795580000,0x0000000797600000)
  from space 5120K, 52% used [0x0000000797b00000,0x0000000797d9fb98,0x0000000798000000)
  to   space 5120K, 0% used [0x0000000797600000,0x0000000797600000,0x0000000797b00000)
 ParOldGen       total 49664K, used 9610K [0x0000000740000000, 0x0000000743080000, 0x0000000795580000)
  object space 49664K, 19% used [0x0000000740000000,0x0000000740962a70,0x0000000743080000)
 Metaspace       used 22410K, capacity 23534K, committed 23808K, reserved 1069056K
  class space    used 3034K, capacity 3250K, committed 3328K, reserved 1048576K
}
Event: 48.690 GC heap before
{Heap before GC invocations=6 (full 1):
 PSYoungGen      total 38400K, used 35966K [0x0000000795580000, 0x0000000798000000, 0x00000007c0000000)
  eden space 33280K, 100% used [0x0000000795580000,0x0000000797600000,0x0000000797600000)
  from space 5120K, 52% used [0x0000000797b00000,0x0000000797d9fb98,0x0000000798000000)
  to   space 5120K, 0% used [0x0000000797600000,0x0000000797600000,0x0000000797b00000)
 ParOldGen       total 49664K, used 9610K [0x0000000740000000, 0x0000000743080000, 0x0000000795580000)
  object space 49664K, 19% used [0x0000000740000000,0x0000000740962a70,0x0000000743080000)
 Metaspace       used 22972K, capacity 24254K, committed 24320K, reserved 1071104K
  class space    used 3080K, capacity 3314K, committed 3328K, reserved 1048576K
Event: 48.698 GC heap after
Heap after GC invocations=6 (full 1):
 PSYoungGen      total 37888K, used 5108K [0x0000000795580000, 0x0000000798b80000, 0x00000007c0000000)
  eden space 32768K, 0% used [0x0000000795580000,0x0000000795580000,0x0000000797580000)
  from space 5120K, 99% used [0x0000000797600000,0x0000000797afd218,0x0000000797b00000)
  to   space 11264K, 0% used [0x0000000798080000,0x0000000798080000,0x0000000798b80000)
 ParOldGen       total 49664K, used 9911K [0x0000000740000000, 0x0000000743080000, 0x0000000795580000)
  object space 49664K, 19% used [0x0000000740000000,0x00000007409add10,0x0000000743080000)
 Metaspace       used 22972K, capacity 24254K, committed 24320K, reserved 1071104K
  class space    used 3080K, capacity 3314K, committed 3328K, reserved 1048576K
}
Event: 58.694 GC heap before
{Heap before GC invocations=7 (full 1):
 PSYoungGen      total 37888K, used 37876K [0x0000000795580000, 0x0000000798b80000, 0x00000007c0000000)
  eden space 32768K, 100% used [0x0000000795580000,0x0000000797580000,0x0000000797580000)
  from space 5120K, 99% used [0x0000000797600000,0x0000000797afd218,0x0000000797b00000)
  to   space 11264K, 0% used [0x0000000798080000,0x0000000798080000,0x0000000798b80000)
 ParOldGen       total 49664K, used 9911K [0x0000000740000000, 0x0000000743080000, 0x0000000795580000)
  object space 49664K, 19% used [0x0000000740000000,0x00000007409add10,0x0000000743080000)
 Metaspace       used 23220K, capacity 24516K, committed 24704K, reserved 1071104K
  class space    used 3103K, capacity 3337K, committed 3456K, reserved 1048576K
Event: 58.706 GC heap after
Heap after GC invocations=7 (full 1):
 PSYoungGen      total 40960K, used 11243K [0x0000000795580000, 0x0000000799100000, 0x00000007c0000000)
  eden space 29696K, 0% used [0x0000000795580000,0x0000000795580000,0x0000000797280000)
  from space 11264K, 99% used [0x0000000798080000,0x0000000798b7adc8,0x0000000798b80000)
  to   space 14336K, 0% used [0x0000000797280000,0x0000000797280000,0x0000000798080000)
 ParOldGen       total 49664K, used 11201K [0x0000000740000000, 0x0000000743080000, 0x0000000795580000)
  object space 49664K, 22% used [0x0000000740000000,0x0000000740af05c8,0x0000000743080000)
 Metaspace       used 23220K, capacity 24516K, committed 24704K, reserved 1071104K
  class space    used 3103K, capacity 3337K, committed 3456K, reserved 1048576K
}

