# JRE version: Java(TM) SE Runtime Environment (8.0_25-b17) (build 1.8.0_25-b17)
# Java VM: Java HotSpot(TM) 64-Bit Server VM (25.25-b02 mixed mode bsd-amd64 compressed oops)
Heap:
 PSYoungGen      total 40960K, used 6942K [0x0000000795580000, 0x0000000798900000, 0x00000007c0000000)
  eden space 31744K, 9% used [0x0000000795580000,0x0000000795870908,0x0000000797480000)
  from space 9216K, 42% used [0x0000000797e80000,0x0000000798257030,0x0000000798780000)
  to   space 10240K, 0% used [0x0000000797480000,0x0000000797480000,0x0000000797e80000)
 ParOldGen       total 45568K, used 8484K [0x0000000740000000, 0x0000000742c80000, 0x0000000795580000)
  object space 45568K, 18% used [0x0000000740000000,0x0000000740849060,0x0000000742c80000)
 Metaspace       used 20443K, capacity 21744K, committed 22016K, reserved 1069056K
  class space    used 2800K, capacity 3057K, committed 3072K, reserved 1048576K
GC Heap History (10 events):
Event: 10.686 GC heap before
{Heap before GC invocations=3 (full 0):
 PSYoungGen      total 38400K, used 38397K [0x0000000795580000, 0x0000000798000000, 0x00000007c0000000)
  eden space 33280K, 100% used [0x0000000795580000,0x0000000797600000,0x0000000797600000)
  from space 5120K, 99% used [0x0000000797b00000,0x0000000797fff680,0x0000000798000000)
  to   space 5120K, 0% used [0x0000000797600000,0x0000000797600000,0x0000000797b00000)
 ParOldGen       total 87552K, used 5441K [0x0000000740000000, 0x0000000745580000, 0x0000000795580000)
  object space 87552K, 6% used [0x0000000740000000,0x0000000740550560,0x0000000745580000)
 Metaspace       used 19539K, capacity 20686K, committed 20992K, reserved 1067008K
  class space    used 2758K, capacity 2992K, committed 3072K, reserved 1048576K
Event: 10.696 GC heap after
Heap after GC invocations=3 (full 0):
 PSYoungGen      total 38400K, used 5099K [0x0000000795580000, 0x0000000798000000, 0x00000007c0000000)
  eden space 33280K, 0% used [0x0000000795580000,0x0000000795580000,0x0000000797600000)
  from space 5120K, 99% used [0x0000000797600000,0x0000000797afad30,0x0000000797b00000)
  to   space 5120K, 0% used [0x0000000797b00000,0x0000000797b00000,0x0000000798000000)
 ParOldGen       total 87552K, used 7880K [0x0000000740000000, 0x0000000745580000, 0x0000000795580000)
  object space 87552K, 9% used [0x0000000740000000,0x00000007407b2060,0x0000000745580000)
 Metaspace       used 19539K, capacity 20686K, committed 20992K, reserved 1067008K
  class space    used 2758K, capacity 2992K, committed 3072K, reserved 1048576K
}
Event: 14.189 GC heap before
{Heap before GC invocations=4 (full 0):
 PSYoungGen      total 38400K, used 38379K [0x0000000795580000, 0x0000000798000000, 0x00000007c0000000)
  eden space 33280K, 100% used [0x0000000795580000,0x0000000797600000,0x0000000797600000)
  from space 5120K, 99% used [0x0000000797600000,0x0000000797afad30,0x0000000797b00000)
  to   space 5120K, 0% used [0x0000000797b00000,0x0000000797b00000,0x0000000798000000)
 ParOldGen       total 87552K, used 7880K [0x0000000740000000, 0x0000000745580000, 0x0000000795580000)
  object space 87552K, 9% used [0x0000000740000000,0x00000007407b2060,0x0000000745580000)
 Metaspace       used 19838K, capacity 20990K, committed 21248K, reserved 1067008K
  class space    used 2761K, capacity 2998K, committed 3072K, reserved 1048576K
Event: 14.202 GC heap after
Heap after GC invocations=4 (full 0):
 PSYoungGen      total 38400K, used 5110K [0x0000000795580000, 0x0000000798000000, 0x00000007c0000000)
  eden space 33280K, 0% used [0x0000000795580000,0x0000000795580000,0x0000000797600000)
  from space 5120K, 99% used [0x0000000797b00000,0x0000000797ffdbf0,0x0000000798000000)
  to   space 5120K, 0% used [0x0000000797600000,0x0000000797600000,0x0000000797b00000)
 ParOldGen       total 87552K, used 10691K [0x0000000740000000, 0x0000000745580000, 0x0000000795580000)
  object space 87552K, 12% used [0x0000000740000000,0x0000000740a70f20,0x0000000745580000)
 Metaspace       used 19838K, capacity 20990K, committed 21248K, reserved 1067008K
  class space    used 2761K, capacity 2998K, committed 3072K, reserved 1048576K
}
Event: 18.492 GC heap before
{Heap before GC invocations=5 (full 0):
 PSYoungGen      total 38400K, used 10815K [0x0000000795580000, 0x0000000798000000, 0x00000007c0000000)
  eden space 33280K, 17% used [0x0000000795580000,0x0000000795b12370,0x0000000797600000)
  from space 5120K, 99% used [0x0000000797b00000,0x0000000797ffdbf0,0x0000000798000000)
  to   space 5120K, 0% used [0x0000000797600000,0x0000000797600000,0x0000000797b00000)
 ParOldGen       total 87552K, used 10691K [0x0000000740000000, 0x0000000745580000, 0x0000000795580000)
  object space 87552K, 12% used [0x0000000740000000,0x0000000740a70f20,0x0000000745580000)
 Metaspace       used 19935K, capacity 21118K, committed 21248K, reserved 1067008K
  class space    used 2762K, capacity 2998K, committed 3072K, reserved 1048576K
Event: 18.503 GC heap after
Heap after GC invocations=5 (full 0):
 PSYoungGen      total 37888K, used 5088K [0x0000000795580000, 0x0000000798780000, 0x00000007c0000000)
  eden space 32768K, 0% used [0x0000000795580000,0x0000000795580000,0x0000000797580000)
  from space 5120K, 99% used [0x0000000797600000,0x0000000797af8190,0x0000000797b00000)
  to   space 9216K, 0% used [0x0000000797e80000,0x0000000797e80000,0x0000000798780000)
 ParOldGen       total 87552K, used 11389K [0x0000000740000000, 0x0000000745580000, 0x0000000795580000)
  object space 87552K, 13% used [0x0000000740000000,0x0000000740b1f580,0x0000000745580000)
 Metaspace       used 19935K, capacity 21118K, committed 21248K, reserved 1067008K
  class space    used 2762K, capacity 2998K, committed 3072K, reserved 1048576K
}
Event: 18.504 GC heap before
{Heap before GC invocations=6 (full 1):
 PSYoungGen      total 37888K, used 5088K [0x0000000795580000, 0x0000000798780000, 0x00000007c0000000)
  eden space 32768K, 0% used [0x0000000795580000,0x0000000795580000,0x0000000797580000)
  from space 5120K, 99% used [0x0000000797600000,0x0000000797af8190,0x0000000797b00000)
  to   space 9216K, 0% used [0x0000000797e80000,0x0000000797e80000,0x0000000798780000)
 ParOldGen       total 87552K, used 11389K [0x0000000740000000, 0x0000000745580000, 0x0000000795580000)
  object space 87552K, 13% used [0x0000000740000000,0x0000000740b1f580,0x0000000745580000)
 Metaspace       used 19935K, capacity 21118K, committed 21248K, reserved 1067008K
  class space    used 2762K, capacity 2998K, committed 3072K, reserved 1048576K
Event: 18.556 GC heap after
Heap after GC invocations=6 (full 1):
 PSYoungGen      total 37888K, used 0K [0x0000000795580000, 0x0000000798780000, 0x00000007c0000000)
  eden space 32768K, 0% used [0x0000000795580000,0x0000000795580000,0x0000000797580000)
  from space 5120K, 0% used [0x0000000797600000,0x0000000797600000,0x0000000797b00000)
  to   space 9216K, 0% used [0x0000000797e80000,0x0000000797e80000,0x0000000798780000)
 ParOldGen       total 45568K, used 8476K [0x0000000740000000, 0x0000000742c80000, 0x0000000795580000)
  object space 45568K, 18% used [0x0000000740000000,0x0000000740847060,0x0000000742c80000)
 Metaspace       used 19934K, capacity 21116K, committed 21248K, reserved 1067008K
  class space    used 2761K, capacity 2997K, committed 3072K, reserved 1048576K
}
Event: 37.508 GC heap before
{Heap before GC invocations=7 (full 1):
 PSYoungGen      total 37888K, used 32768K [0x0000000795580000, 0x0000000798780000, 0x00000007c0000000)
  eden space 32768K, 100% used [0x0000000795580000,0x0000000797580000,0x0000000797580000)
  from space 5120K, 0% used [0x0000000797600000,0x0000000797600000,0x0000000797b00000)
  to   space 9216K, 0% used [0x0000000797e80000,0x0000000797e80000,0x0000000798780000)
 ParOldGen       total 45568K, used 8476K [0x0000000740000000, 0x0000000742c80000, 0x0000000795580000)
  object space 45568K, 18% used [0x0000000740000000,0x0000000740847060,0x0000000742c80000)
 Metaspace       used 20422K, capacity 21738K, committed 22016K, reserved 1069056K
  class space    used 2799K, capacity 3056K, committed 3072K, reserved 1048576K
Event: 37.511 GC heap after
Heap after GC invocations=7 (full 1):
 PSYoungGen      total 40960K, used 3932K [0x0000000795580000, 0x0000000798900000, 0x00000007c0000000)
  eden space 31744K, 0% used [0x0000000795580000,0x0000000795580000,0x0000000797480000)
  from space 9216K, 42% used [0x0000000797e80000,0x0000000798257030,0x0000000798780000)
  to   space 10240K, 0% used [0x0000000797480000,0x0000000797480000,0x0000000797e80000)
 ParOldGen       total 45568K, used 8484K [0x0000000740000000, 0x0000000742c80000, 0x0000000795580000)
  object space 45568K, 18% used [0x0000000740000000,0x0000000740849060,0x0000000742c80000)
 Metaspace       used 20422K, capacity 21738K, committed 22016K, reserved 1069056K
  class space    used 2799K, capacity 3056K, committed 3072K, reserved 1048576K
}

