# JRE version: Java(TM) SE Runtime Environment (8.0_25-b17) (build 1.8.0_25-b17)
# Java VM: Java HotSpot(TM) 64-Bit Server VM (25.25-b02 mixed mode bsd-amd64 compressed oops)
Heap:
 PSYoungGen      total 38400K, used 12714K [0x000000016ab80000, 0x000000016d600000, 0x0000000195600000)
  eden space 33280K, 22% used [0x000000016ab80000,0x000000016b2ef128,0x000000016cc00000)
  from space 5120K, 99% used [0x000000016d100000,0x000000016d5fb960,0x000000016d600000)
  to   space 5120K, 0% used [0x000000016cc00000,0x000000016cc00000,0x000000016d100000)
 ParOldGen       total 87552K, used 7902K [0x0000000115600000, 0x000000011ab80000, 0x000000016ab80000)
  object space 87552K, 9% used [0x0000000115600000,0x0000000115db7818,0x000000011ab80000)
 Metaspace       used 18301K, capacity 18928K, committed 18944K, reserved 1064960K
  class space    used 2394K, capacity 2547K, committed 2560K, reserved 1048576K
GC Heap History (4 events):
Event: 3.338 GC heap before
{Heap before GC invocations=1 (full 0):
 PSYoungGen      total 38400K, used 33280K [0x000000016ab80000, 0x000000016d600000, 0x0000000195600000)
  eden space 33280K, 100% used [0x000000016ab80000,0x000000016cc00000,0x000000016cc00000)
  from space 5120K, 0% used [0x000000016d100000,0x000000016d100000,0x000000016d600000)
  to   space 5120K, 0% used [0x000000016cc00000,0x000000016cc00000,0x000000016d100000)
 ParOldGen       total 87552K, used 0K [0x0000000115600000, 0x000000011ab80000, 0x000000016ab80000)
  object space 87552K, 0% used [0x0000000115600000,0x0000000115600000,0x000000011ab80000)
 Metaspace       used 13921K, capacity 14456K, committed 14720K, reserved 1062912K
  class space    used 1912K, capacity 2049K, committed 2176K, reserved 1048576K
Event: 3.348 GC heap after
Heap after GC invocations=1 (full 0):
 PSYoungGen      total 38400K, used 5095K [0x000000016ab80000, 0x000000016d600000, 0x0000000195600000)
  eden space 33280K, 0% used [0x000000016ab80000,0x000000016ab80000,0x000000016cc00000)
  from space 5120K, 99% used [0x000000016cc00000,0x000000016d0f9ee0,0x000000016d100000)
  to   space 5120K, 0% used [0x000000016d100000,0x000000016d100000,0x000000016d600000)
 ParOldGen       total 87552K, used 1631K [0x0000000115600000, 0x000000011ab80000, 0x000000016ab80000)
  object space 87552K, 1% used [0x0000000115600000,0x0000000115797c70,0x000000011ab80000)
 Metaspace       used 13921K, capacity 14456K, committed 14720K, reserved 1062912K
  class space    used 1912K, capacity 2049K, committed 2176K, reserved 1048576K
}
Event: 5.446 GC heap before
{Heap before GC invocations=2 (full 0):
 PSYoungGen      total 38400K, used 38375K [0x000000016ab80000, 0x000000016d600000, 0x0000000195600000)
  eden space 33280K, 100% used [0x000000016ab80000,0x000000016cc00000,0x000000016cc00000)
  from space 5120K, 99% used [0x000000016cc00000,0x000000016d0f9ee0,0x000000016d100000)
  to   space 5120K, 0% used [0x000000016d100000,0x000000016d100000,0x000000016d600000)
 ParOldGen       total 87552K, used 1631K [0x0000000115600000, 0x000000011ab80000, 0x000000016ab80000)
  object space 87552K, 1% used [0x0000000115600000,0x0000000115797c70,0x000000011ab80000)
 Metaspace       used 17794K, capacity 18382K, committed 18688K, reserved 1064960K
  class space    used 2341K, capacity 2502K, committed 2560K, reserved 1048576K
Event: 5.459 GC heap after
Heap after GC invocations=2 (full 0):
 PSYoungGen      total 38400K, used 5102K [0x000000016ab80000, 0x000000016d600000, 0x0000000195600000)
  eden space 33280K, 0% used [0x000000016ab80000,0x000000016ab80000,0x000000016cc00000)
  from space 5120K, 99% used [0x000000016d100000,0x000000016d5fb960,0x000000016d600000)
  to   space 5120K, 0% used [0x000000016cc00000,0x000000016cc00000,0x000000016d100000)
 ParOldGen       total 87552K, used 7902K [0x0000000115600000, 0x000000011ab80000, 0x000000016ab80000)
  object space 87552K, 9% used [0x0000000115600000,0x0000000115db7818,0x000000011ab80000)
 Metaspace       used 17794K, capacity 18382K, committed 18688K, reserved 1064960K
  class space    used 2341K, capacity 2502K, committed 2560K, reserved 1048576K
}

