# JRE version: Java(TM) SE Runtime Environment (8.0_25-b17) (build 1.8.0_25-b17)
# Java VM: Java HotSpot(TM) 64-Bit Server VM (25.25-b02 mixed mode bsd-amd64 compressed oops)
Heap:
 PSYoungGen      total 38400K, used 12903K [0x0000000167d80000, 0x000000016a800000, 0x0000000192800000)
  eden space 33280K, 23% used [0x0000000167d80000,0x000000016851dc88,0x0000000169e00000)
  from space 5120K, 99% used [0x000000016a300000,0x000000016a7fc110,0x000000016a800000)
  to   space 5120K, 0% used [0x0000000169e00000,0x0000000169e00000,0x000000016a300000)
 ParOldGen       total 87552K, used 4677K [0x0000000112800000, 0x0000000117d80000, 0x0000000167d80000)
  object space 87552K, 5% used [0x0000000112800000,0x0000000112c91558,0x0000000117d80000)
 Metaspace       used 18309K, capacity 18912K, committed 18944K, reserved 1064960K
  class space    used 2394K, capacity 2547K, committed 2560K, reserved 1048576K
GC Heap History (4 events):
Event: 2.911 GC heap before
{Heap before GC invocations=1 (full 0):
 PSYoungGen      total 38400K, used 33280K [0x0000000167d80000, 0x000000016a800000, 0x0000000192800000)
  eden space 33280K, 100% used [0x0000000167d80000,0x0000000169e00000,0x0000000169e00000)
  from space 5120K, 0% used [0x000000016a300000,0x000000016a300000,0x000000016a800000)
  to   space 5120K, 0% used [0x0000000169e00000,0x0000000169e00000,0x000000016a300000)
 ParOldGen       total 87552K, used 0K [0x0000000112800000, 0x0000000117d80000, 0x0000000167d80000)
  object space 87552K, 0% used [0x0000000112800000,0x0000000112800000,0x0000000117d80000)
 Metaspace       used 13985K, capacity 14482K, committed 14592K, reserved 1062912K
  class space    used 1923K, capacity 2036K, committed 2048K, reserved 1048576K
Event: 2.923 GC heap after
Heap after GC invocations=1 (full 0):
 PSYoungGen      total 38400K, used 5114K [0x0000000167d80000, 0x000000016a800000, 0x0000000192800000)
  eden space 33280K, 0% used [0x0000000167d80000,0x0000000167d80000,0x0000000169e00000)
  from space 5120K, 99% used [0x0000000169e00000,0x000000016a2fe950,0x000000016a300000)
  to   space 5120K, 0% used [0x000000016a300000,0x000000016a300000,0x000000016a800000)
 ParOldGen       total 87552K, used 1656K [0x0000000112800000, 0x0000000117d80000, 0x0000000167d80000)
  object space 87552K, 1% used [0x0000000112800000,0x000000011299e020,0x0000000117d80000)
 Metaspace       used 13985K, capacity 14482K, committed 14592K, reserved 1062912K
  class space    used 1923K, capacity 2036K, committed 2048K, reserved 1048576K
}
Event: 4.660 GC heap before
{Heap before GC invocations=2 (full 0):
 PSYoungGen      total 38400K, used 38394K [0x0000000167d80000, 0x000000016a800000, 0x0000000192800000)
  eden space 33280K, 100% used [0x0000000167d80000,0x0000000169e00000,0x0000000169e00000)
  from space 5120K, 99% used [0x0000000169e00000,0x000000016a2fe950,0x000000016a300000)
  to   space 5120K, 0% used [0x000000016a300000,0x000000016a300000,0x000000016a800000)
 ParOldGen       total 87552K, used 1656K [0x0000000112800000, 0x0000000117d80000, 0x0000000167d80000)
  object space 87552K, 1% used [0x0000000112800000,0x000000011299e020,0x0000000117d80000)
 Metaspace       used 17706K, capacity 18272K, committed 18432K, reserved 1064960K
  class space    used 2327K, capacity 2487K, committed 2560K, reserved 1048576K
Event: 4.671 GC heap after
Heap after GC invocations=2 (full 0):
 PSYoungGen      total 38400K, used 5104K [0x0000000167d80000, 0x000000016a800000, 0x0000000192800000)
  eden space 33280K, 0% used [0x0000000167d80000,0x0000000167d80000,0x0000000169e00000)
  from space 5120K, 99% used [0x000000016a300000,0x000000016a7fc110,0x000000016a800000)
  to   space 5120K, 0% used [0x0000000169e00000,0x0000000169e00000,0x000000016a300000)
 ParOldGen       total 87552K, used 4677K [0x0000000112800000, 0x0000000117d80000, 0x0000000167d80000)
  object space 87552K, 5% used [0x0000000112800000,0x0000000112c91558,0x0000000117d80000)
 Metaspace       used 17706K, capacity 18272K, committed 18432K, reserved 1064960K
  class space    used 2327K, capacity 2487K, committed 2560K, reserved 1048576K
}

